{
  "RSpec": {
    "coverage": {
      "/Users/kelly.stannard/oss/doggo/app/helpers/application_helper.rb": {
        "lines": [
          1,
          null
        ]
      },
      "/Users/kelly.stannard/oss/doggo/app/controllers/sessions_controller.rb": {
        "lines": [
          1,
          1,
          null,
          null,
          1,
          6,
          6,
          null,
          null
        ]
      },
      "/Users/kelly.stannard/oss/doggo/app/controllers/application_controller.rb": {
        "lines": [
          1,
          null,
          1,
          null,
          1,
          6,
          null,
          4,
          null,
          1,
          null,
          1,
          1,
          null,
          null,
          null
        ]
      },
      "/Users/kelly.stannard/oss/doggo/app/controllers/dogs_controller.rb": {
        "lines": [
          1,
          1,
          20,
          null,
          null,
          1,
          5,
          null,
          null,
          1,
          2,
          null,
          null,
          1,
          2,
          2,
          1,
          null,
          1,
          null,
          1,
          null,
          null,
          null,
          1,
          6,
          6,
          5,
          null,
          1,
          null,
          1,
          null,
          null,
          null,
          1,
          8,
          null,
          null,
          null,
          null,
          null,
          null,
          null,
          null,
          null
        ]
      },
      "/Users/kelly.stannard/oss/doggo/app/models/dog.rb": {
        "lines": [
          1,
          1,
          null,
          1,
          null,
          1,
          23,
          12,
          null,
          null,
          null,
          1,
          138,
          null,
          null,
          1,
          23,
          23,
          null,
          12,
          12,
          null,
          null,
          15,
          3,
          2,
          3,
          1,
          null,
          null,
          null
        ]
      },
      "/Users/kelly.stannard/oss/doggo/app/models/application_record.rb": {
        "lines": [
          1,
          1,
          null
        ]
      },
      "/Users/kelly.stannard/oss/doggo/app/models/trip.rb": {
        "lines": [
          1,
          1,
          1,
          1,
          null,
          1,
          null,
          1,
          19,
          null,
          null
        ]
      },
      "/Users/kelly.stannard/oss/doggo/app/controllers/schedules_controller.rb": {
        "lines": [
          1,
          1,
          7,
          null,
          null,
          1,
          4,
          null,
          null,
          1,
          5,
          5,
          4,
          null,
          1,
          1,
          null,
          null,
          null,
          1,
          null,
          1,
          5,
          20,
          null,
          5,
          5,
          null,
          null,
          1,
          5,
          5,
          4,
          null,
          1,
          1,
          null,
          null,
          null,
          1,
          1,
          14,
          14,
          null,
          null,
          null,
          null,
          null,
          null
        ]
      },
      "/Users/kelly.stannard/oss/doggo/app/models/schedule.rb": {
        "lines": [
          1,
          1,
          1,
          null,
          1,
          8,
          null,
          null,
          1,
          6,
          null,
          null,
          1,
          47,
          null,
          null,
          1,
          4,
          null,
          null,
          1,
          6,
          null,
          null,
          1,
          7,
          null,
          null,
          1,
          114,
          null,
          null
        ]
      },
      "/Users/kelly.stannard/oss/doggo/app/controllers/trips_controller.rb": {
        "lines": [
          1,
          1,
          1,
          null,
          null,
          1,
          1,
          1,
          1,
          null,
          null,
          1,
          7,
          7,
          4,
          1,
          null,
          3,
          null,
          null,
          null,
          1,
          2,
          2,
          2,
          null,
          null,
          1,
          null,
          1,
          3,
          null,
          null
        ]
      },
      "/Users/kelly.stannard/oss/doggo/app/models/pickup.rb": {
        "lines": [
          1,
          1,
          1,
          null
        ]
      },
      "/Users/kelly.stannard/oss/doggo/app/models/dropoff.rb": {
        "lines": [
          1,
          1,
          1,
          null
        ]
      },
      "/Users/kelly.stannard/oss/doggo/app/controllers/pickups_controller.rb": {
        "lines": [
          1,
          1,
          2,
          2,
          null,
          null,
          1,
          2,
          null,
          null
        ]
      },
      "/Users/kelly.stannard/oss/doggo/app/controllers/dropoffs_controller.rb": {
        "lines": [
          1,
          1,
          2,
          2,
          null,
          null,
          1,
          2,
          null,
          null
        ]
      }
    },
    "timestamp": 13569638400
  }
}
